app/build/outputs/apk/manifest-merger-debug-report.txt
-- Merging decision tree log ---
manifest
ADDED from AndroidManifest.xml:2:1
	xmlns:android
		ADDED from AndroidManifest.xml:2:11
	package
		ADDED from AndroidManifest.xml:3:5
		INJECTED from AndroidManifest.xml:0:0
		INJECTED from AndroidManifest.xml:0:0
	android:versionName
		ADDED from AndroidManifest.xml:5:5
	android:versionCode
		ADDED from AndroidManifest.xml:4:5
		INJECTED from AndroidManifest.xml:0:0
		INJECTED from AndroidManifest.xml:0:0
uses-sdk
ADDED from AndroidManifest.xml:6:5
	android:targetSdkVersion
		ADDED from AndroidManifest.xml:8:9
		INJECTED from AndroidManifest.xml:0:0
		INJECTED from AndroidManifest.xml:0:0
	android:minSdkVersion
		ADDED from AndroidManifest.xml:7:9
		INJECTED from AndroidManifest.xml:0:0
		INJECTED from AndroidManifest.xml:0:0
uses-permission#android.permission.ACCESS_FINE_LOCATION
ADDED from AndroidManifest.xml:11:1
	android:name
		ADDED from AndroidManifest.xml:11:18
uses-permission#android.permission.ACCESS_COARSE_LOCATION
ADDED from AndroidManifest.xml:12:1
	android:name
		ADDED from AndroidManifest.xml:12:18
uses-permission#android.permission.INTERNET
ADDED from AndroidManifest.xml:13:1
	android:name
		ADDED from AndroidManifest.xml:13:18
uses-permission#android.permission.ACCESS_MOCK_LOCATION
ADDED from AndroidManifest.xml:14:1
	android:name
		ADDED from AndroidManifest.xml:14:18
uses-permission#android.permission.WRITE_EXTERNAL_STORAGE
ADDED from AndroidManifest.xml:15:1
	android:name
		ADDED from AndroidManifest.xml:15:18
uses-permission#android.permission.READ_EXTERNAL_STORAGE
ADDED from AndroidManifest.xml:16:1
	android:name
		ADDED from AndroidManifest.xml:16:18
uses-permission#android.permission.ACCESS_NETWORK_STATE
ADDED from AndroidManifest.xml:17:1
	android:name
		ADDED from AndroidManifest.xml:17:18
uses-permission#android.permission.WAKE_LOCK
ADDED from AndroidManifest.xml:18:1
	android:name
		ADDED from AndroidManifest.xml:18:18
uses-permission#android.permission.GET_TASKS
ADDED from AndroidManifest.xml:19:1
	android:name
		ADDED from AndroidManifest.xml:19:18
uses-permission#android.permission.READ_PHONE_STATE
ADDED from AndroidManifest.xml:20:1
	android:name
		ADDED from AndroidManifest.xml:20:18
uses-permission#android.permission.READ_SMS
ADDED from AndroidManifest.xml:21:1
	android:name
		ADDED from AndroidManifest.xml:21:18
uses-permission#android.permission.WRITE_SMS
ADDED from AndroidManifest.xml:22:1
	android:name
		ADDED from AndroidManifest.xml:22:18
uses-permission#com.android.alarm.permission.SET_ALARM
ADDED from AndroidManifest.xml:23:1
	android:name
		ADDED from AndroidManifest.xml:23:18
uses-permission#android.permission.RECEIVE_BOOT_COMPLETED
ADDED from AndroidManifest.xml:24:1
	android:name
		ADDED from AndroidManifest.xml:24:18
uses-permission#android.permission.SET_DEBUG_APP
ADDED from AndroidManifest.xml:25:1
	android:name
		ADDED from AndroidManifest.xml:25:18
application
ADDED from AndroidManifest.xml:27:5
	android:label
		ADDED from AndroidManifest.xml:30:9
	android:debuggable
		ADDED from AndroidManifest.xml:32:9
	android:allowBackup
		ADDED from AndroidManifest.xml:28:9
	android:icon
		ADDED from AndroidManifest.xml:29:9
	android:theme
		ADDED from AndroidManifest.xml:31:9
activity#com.example.collector.MainActivity
ADDED from AndroidManifest.xml:33:9
	android:screenOrientation
		ADDED from AndroidManifest.xml:37:10
	android:label
		ADDED from AndroidManifest.xml:35:13
	android:configChanges
		ADDED from AndroidManifest.xml:36:13
	android:name
		ADDED from AndroidManifest.xml:34:13
intent-filter#android.intent.action.MAIN+android.intent.category.LAUNCHER
ADDED from AndroidManifest.xml:38:13
action#android.intent.action.MAIN
ADDED from AndroidManifest.xml:39:17
	android:name
		ADDED from AndroidManifest.xml:39:25
category#android.intent.category.LAUNCHER
ADDED from AndroidManifest.xml:40:17
	android:name
		ADDED from AndroidManifest.xml:40:27
service#com.example.collector.ListenSmsMmsService
ADDED from AndroidManifest.xml:44:9
	android:exported
		ADDED from AndroidManifest.xml:46:13
	android:name
		ADDED from AndroidManifest.xml:45:13
service#com.example.collector.FeatureCollector
ADDED from AndroidManifest.xml:47:9
	android:exported
		ADDED from AndroidManifest.xml:49:13
	android:name
		ADDED from AndroidManifest.xml:48:13
receiver#com.example.collector.AlarmReceiver
ADDED from AndroidManifest.xml:51:9
	android:name
		ADDED from AndroidManifest.xml:51:19
receiver#com.example.collector.RecurringAlarmReceiver
ADDED from AndroidManifest.xml:52:9
	android:enabled
		ADDED from AndroidManifest.xml:52:57
	android:name
		ADDED from AndroidManifest.xml:52:19
intent-filter#android.intent.action.BOOT_COMPLETED
ADDED from AndroidManifest.xml:53:13
action#android.intent.action.BOOT_COMPLETED
ADDED from AndroidManifest.xml:54:11
	android:name
		ADDED from AndroidManifest.xml:54:19